<?xml version="1.0" encoding="UTF-8"?>
<testsuite xmlns:xsi="http://www.w3.org/2001/XMLSchema-instance" xsi:noNamespaceSchemaLocation="https://maven.apache.org/surefire/maven-surefire-plugin/xsd/surefire-test-report.xsd" version="3.0.2" name="com.example.usermanagementapi.UserRepositoryTest" time="0.186" tests="7" errors="0" skipped="0" failures="0">
  <properties>
[...]
</properties>
  <testcase name="testSaveUserWithDuplicateEmail" classname="com.example.usermanagementapi.UserRepositoryTest" time="0.014">
    <system-out><![CDATA[2025-08-22T07:32:54.238+05:30  INFO 18981 --- [usermanagementapi] [           main] t.c.s.AnnotationConfigContextLoaderUtils : Could not detect default configuration classes for test class [com.example.usermanagementapi.UserRepositoryTest]: UserRepositoryTest does not declare any static, non-private, non-final, nested classes annotated with @Configuration.
2025-08-22T07:32:54.241+05:30  INFO 18981 --- [usermanagementapi] [           main] .b.t.c.SpringBootTestContextBootstrapper : Found @SpringBootConfiguration com.example.usermanagementapi.UserManagementApiApplication for test class com.example.usermanagementapi.UserRepositoryTest
2025-08-22T07:32:54.242+05:30  INFO 18981 --- [usermanagementapi] [           main] o.s.b.d.r.RestartApplicationListener     : Restart disabled due to context in which it is running

  .   ____          _            __ _ _
 /\\ / ___'_ __ _ _(_)_ __  __ _ \ \ \ \
( ( )\___ | '_ | '_| | '_ \/ _` | \ \ \ \
 \\/  ___)| |_)| | | | | || (_| |  ) ) ) )
  '  |____| .__|_| |_|_| |_\__, | / / / /
 =========|_|==============|___/=/_/_/_/

 :: Spring Boot ::                (v3.5.3)

2025-08-22T07:32:54.248+05:30  INFO 18981 --- [usermanagementapi] [           main] c.e.u.UserRepositoryTest                 : Starting UserRepositoryTest using Java 24.0.2 with PID 18981 (started by venkateshk22 in /Users/venkateshk22/Documents/github/usermanagementapi)
2025-08-22T07:32:54.248+05:30  INFO 18981 --- [usermanagementapi] [           main] c.e.u.UserRepositoryTest                 : No active profile set, falling back to 1 default profile: "default"
2025-08-22T07:32:54.270+05:30  INFO 18981 --- [usermanagementapi] [           main] .s.d.r.c.RepositoryConfigurationDelegate : Bootstrapping Spring Data JPA repositories in DEFAULT mode.
2025-08-22T07:32:54.272+05:30  INFO 18981 --- [usermanagementapi] [           main] .s.d.r.c.RepositoryConfigurationDelegate : Finished Spring Data repository scanning in 1 ms. Found 1 JPA repository interface.
2025-08-22T07:32:54.282+05:30  INFO 18981 --- [usermanagementapi] [           main] o.hibernate.jpa.internal.util.LogHelper  : HHH000204: Processing PersistenceUnitInfo [name: default]
2025-08-22T07:32:54.283+05:30  INFO 18981 --- [usermanagementapi] [           main] o.h.c.internal.RegionFactoryInitiator    : HHH000026: Second-level cache disabled
2025-08-22T07:32:54.285+05:30  INFO 18981 --- [usermanagementapi] [           main] o.s.o.j.p.SpringPersistenceUnitInfo      : No LoadTimeWeaver setup: ignoring JPA class transformer
2025-08-22T07:32:54.285+05:30  INFO 18981 --- [usermanagementapi] [           main] com.zaxxer.hikari.HikariDataSource       : HikariPool-3 - Starting...
2025-08-22T07:32:54.291+05:30  INFO 18981 --- [usermanagementapi] [           main] com.zaxxer.hikari.pool.HikariPool        : HikariPool-3 - Added connection org.postgresql.jdbc.PgConnection@7200ac94
2025-08-22T07:32:54.292+05:30  INFO 18981 --- [usermanagementapi] [           main] com.zaxxer.hikari.HikariDataSource       : HikariPool-3 - Start completed.
2025-08-22T07:32:54.293+05:30  WARN 18981 --- [usermanagementapi] [           main] org.hibernate.orm.deprecation            : HHH90000025: PostgreSQLDialect does not need to be specified explicitly using 'hibernate.dialect' (remove the property setting and it will be selected by default)
2025-08-22T07:32:54.295+05:30  INFO 18981 --- [usermanagementapi] [           main] org.hibernate.orm.connections.pooling    : HHH10001005: Database info:
	Database JDBC URL [Connecting through datasource 'HikariDataSource (HikariPool-3)']
	Database driver: undefined/unknown
	Database version: 17.5
	Autocommit mode: undefined/unknown
	Isolation level: undefined/unknown
	Minimum pool size: undefined/unknown
	Maximum pool size: undefined/unknown
2025-08-22T07:32:54.304+05:30  INFO 18981 --- [usermanagementapi] [           main] o.h.e.t.j.p.i.JtaPlatformInitiator       : HHH000489: No JTA platform available (set 'hibernate.transaction.jta.platform' to enable JTA platform integration)
2025-08-22T07:32:54.353+05:30  INFO 18981 --- [usermanagementapi] [           main] j.LocalContainerEntityManagerFactoryBean : Initialized JPA EntityManagerFactory for persistence unit 'default'
2025-08-22T07:32:54.361+05:30  INFO 18981 --- [usermanagementapi] [           main] c.e.u.UserRepositoryTest                 : Started UserRepositoryTest in 0.119 seconds (process running for 3.159)
Hibernate: 
    delete 
    from
        user_roles to_delete_
Hibernate: 
    delete 
    from
        users u1_0
Hibernate: 
    insert 
    into
        users
        (created_at, email, name, password, updated_at) 
    values
        (?, ?, ?, ?, ?)
Hibernate: 
    insert 
    into
        users
        (created_at, email, name, password, updated_at) 
    values
        (?, ?, ?, ?, ?)
Hibernate: 
    insert 
    into
        user_roles
        (user_id, role) 
    values
        (?, ?)
Hibernate: 
    insert 
    into
        user_roles
        (user_id, role) 
    values
        (?, ?)
Hibernate: 
    insert 
    into
        users
        (created_at, email, name, password, updated_at) 
    values
        (?, ?, ?, ?, ?)
2025-08-22T07:32:54.373+05:30  WARN 18981 --- [usermanagementapi] [           main] o.h.engine.jdbc.spi.SqlExceptionHelper   : SQL Error: 0, SQLState: 23505
2025-08-22T07:32:54.374+05:30 ERROR 18981 --- [usermanagementapi] [           main] o.h.engine.jdbc.spi.SqlExceptionHelper   : ERROR: duplicate key value violates unique constraint "uk6dotkott2kjsp8vw4d0m25fb7"
  Detail: Key (email)=(alice@example.com) already exists.
]]></system-out>
  </testcase>
  <testcase name="testSaveUser" classname="com.example.usermanagementapi.UserRepositoryTest" time="0.022">
    <system-out><![CDATA[Hibernate: 
    delete 
    from
        user_roles to_delete_
Hibernate: 
    delete 
    from
        users u1_0
Hibernate: 
    insert 
    into
        users
        (created_at, email, name, password, updated_at) 
    values
        (?, ?, ?, ?, ?)
Hibernate: 
    insert 
    into
        users
        (created_at, email, name, password, updated_at) 
    values
        (?, ?, ?, ?, ?)
Hibernate: 
    insert 
    into
        user_roles
        (user_id, role) 
    values
        (?, ?)
Hibernate: 
    insert 
    into
        user_roles
        (user_id, role) 
    values
        (?, ?)
Hibernate: 
    insert 
    into
        users
        (created_at, email, name, password, updated_at) 
    values
        (?, ?, ?, ?, ?)
]]></system-out>
  </testcase>
  <testcase name="testFindAllUsers" classname="com.example.usermanagementapi.UserRepositoryTest" time="0.008">
    <system-out><![CDATA[Hibernate: 
    delete 
    from
        user_roles to_delete_
Hibernate: 
    delete 
    from
        users u1_0
Hibernate: 
    insert 
    into
        users
        (created_at, email, name, password, updated_at) 
    values
        (?, ?, ?, ?, ?)
Hibernate: 
    insert 
    into
        users
        (created_at, email, name, password, updated_at) 
    values
        (?, ?, ?, ?, ?)
Hibernate: 
    insert 
    into
        user_roles
        (user_id, role) 
    values
        (?, ?)
Hibernate: 
    insert 
    into
        user_roles
        (user_id, role) 
    values
        (?, ?)
Hibernate: 
    select
        u1_0.id,
        u1_0.created_at,
        u1_0.email,
        u1_0.name,
        u1_0.password,
        u1_0.updated_at 
    from
        users u1_0
Hibernate: 
    select
        r1_0.user_id,
        r1_0.role 
    from
        user_roles r1_0 
    where
        r1_0.user_id=?
Hibernate: 
    select
        r1_0.user_id,
        r1_0.role 
    from
        user_roles r1_0 
    where
        r1_0.user_id=?
]]></system-out>
  </testcase>
  <testcase name="testUpdateUser" classname="com.example.usermanagementapi.UserRepositoryTest" time="0.006">
    <system-out><![CDATA[Hibernate: 
    delete 
    from
        user_roles to_delete_
Hibernate: 
    delete 
    from
        users u1_0
Hibernate: 
    insert 
    into
        users
        (created_at, email, name, password, updated_at) 
    values
        (?, ?, ?, ?, ?)
Hibernate: 
    insert 
    into
        users
        (created_at, email, name, password, updated_at) 
    values
        (?, ?, ?, ?, ?)
Hibernate: 
    insert 
    into
        user_roles
        (user_id, role) 
    values
        (?, ?)
Hibernate: 
    insert 
    into
        user_roles
        (user_id, role) 
    values
        (?, ?)
Hibernate: 
    select
        u1_0.id,
        u1_0.created_at,
        u1_0.email,
        u1_0.name,
        u1_0.password,
        r1_0.user_id,
        r1_0.role,
        u1_0.updated_at 
    from
        users u1_0 
    left join
        user_roles r1_0 
            on u1_0.id=r1_0.user_id 
    where
        u1_0.id=?
]]></system-out>
  </testcase>
  <testcase name="testFindByEmailFound" classname="com.example.usermanagementapi.UserRepositoryTest" time="0.004">
    <system-out><![CDATA[Hibernate: 
    delete 
    from
        user_roles to_delete_
Hibernate: 
    delete 
    from
        users u1_0
Hibernate: 
    insert 
    into
        users
        (created_at, email, name, password, updated_at) 
    values
        (?, ?, ?, ?, ?)
Hibernate: 
    insert 
    into
        users
        (created_at, email, name, password, updated_at) 
    values
        (?, ?, ?, ?, ?)
Hibernate: 
    insert 
    into
        user_roles
        (user_id, role) 
    values
        (?, ?)
Hibernate: 
    insert 
    into
        user_roles
        (user_id, role) 
    values
        (?, ?)
Hibernate: 
    select
        u1_0.id,
        u1_0.created_at,
        u1_0.email,
        u1_0.name,
        u1_0.password,
        u1_0.updated_at 
    from
        users u1_0 
    where
        u1_0.email=?
Hibernate: 
    select
        r1_0.user_id,
        r1_0.role 
    from
        user_roles r1_0 
    where
        r1_0.user_id=?
]]></system-out>
  </testcase>
  <testcase name="testFindByEmailNotFound" classname="com.example.usermanagementapi.UserRepositoryTest" time="0.003">
    <system-out><![CDATA[Hibernate: 
    delete 
    from
        user_roles to_delete_
Hibernate: 
    delete 
    from
        users u1_0
Hibernate: 
    insert 
    into
        users
        (created_at, email, name, password, updated_at) 
    values
        (?, ?, ?, ?, ?)
Hibernate: 
    insert 
    into
        users
        (created_at, email, name, password, updated_at) 
    values
        (?, ?, ?, ?, ?)
Hibernate: 
    insert 
    into
        user_roles
        (user_id, role) 
    values
        (?, ?)
Hibernate: 
    insert 
    into
        user_roles
        (user_id, role) 
    values
        (?, ?)
Hibernate: 
    select
        u1_0.id,
        u1_0.created_at,
        u1_0.email,
        u1_0.name,
        u1_0.password,
        u1_0.updated_at 
    from
        users u1_0 
    where
        u1_0.email=?
]]></system-out>
  </testcase>
  <testcase name="testDeleteUser" classname="com.example.usermanagementapi.UserRepositoryTest" time="0.003">
    <system-out><![CDATA[Hibernate: 
    delete 
    from
        user_roles to_delete_
Hibernate: 
    delete 
    from
        users u1_0
Hibernate: 
    insert 
    into
        users
        (created_at, email, name, password, updated_at) 
    values
        (?, ?, ?, ?, ?)
Hibernate: 
    insert 
    into
        users
        (created_at, email, name, password, updated_at) 
    values
        (?, ?, ?, ?, ?)
Hibernate: 
    insert 
    into
        user_roles
        (user_id, role) 
    values
        (?, ?)
Hibernate: 
    insert 
    into
        user_roles
        (user_id, role) 
    values
        (?, ?)
Hibernate: 
    select
        u1_0.id,
        u1_0.created_at,
        u1_0.email,
        u1_0.name,
        u1_0.password,
        r1_0.user_id,
        r1_0.role,
        u1_0.updated_at 
    from
        users u1_0 
    left join
        user_roles r1_0 
            on u1_0.id=r1_0.user_id 
    where
        u1_0.id=?
]]></system-out>
  </testcase>
</testsuite>